<?xml version="1.0" encoding="UTF-8"?>
<testng-results ignored="0" total="1" passed="1" failed="0" skipped="0">
  <reporter-output>
  </reporter-output>
  <suite started-at="2025-10-07T18:06:08 IST" name="Default suite" finished-at="2025-10-07T18:06:16 IST" duration-ms="8272">
    <groups>
    </groups>
    <test started-at="2025-10-07T18:06:08 IST" name="Default test" finished-at="2025-10-07T18:06:16 IST" duration-ms="8272">
      <class name="com.selenium.tests.GoogleTest">
        <test-method is-config="true" signature="setUp()[pri:0, instance:com.selenium.tests.GoogleTest@43bc63a3]" started-at="2025-10-07T18:06:08 IST" name="setUp" finished-at="2025-10-07T18:06:16 IST" duration-ms="7996" status="PASS">
          <reporter-output>
          </reporter-output>
        </test-method> <!-- setUp -->
        <test-method signature="verifyGoogleSearch()[pri:0, instance:com.selenium.tests.GoogleTest@43bc63a3]" started-at="2025-10-07T18:06:16 IST" name="verifyGoogleSearch" finished-at="2025-10-07T18:06:16 IST" duration-ms="18" status="PASS">
          <reporter-output>
          </reporter-output>
        </test-method> <!-- verifyGoogleSearch -->
        <test-method is-config="true" signature="tearDown()[pri:0, instance:com.selenium.tests.GoogleTest@43bc63a3]" started-at="2025-10-07T18:06:16 IST" name="tearDown" finished-at="2025-10-07T18:06:16 IST" duration-ms="209" status="PASS">
          <reporter-output>
          </reporter-output>
        </test-method> <!-- tearDown -->
      </class> <!-- com.selenium.tests.GoogleTest -->
    </test> <!-- Default test -->
  </suite> <!-- Default suite -->
</testng-results>
